SF:/home/neo/git/service_layer/platform/edge/functions/_shared/cors.ts
FN:7,parseAllowedOrigins
FN:17,withCors
FN:40,handleCorsPreflight
FNDA:20,parseAllowedOrigins
FNDA:20,withCors
FNDA:20,handleCorsPreflight
FNF:3
FNH:3
BRDA:9,1,0,0
BRDA:14,1,1,0
BRDA:19,3,0,40
BRDA:25,3,1,0
BRDA:41,5,0,19
BRDA:41,5,1,1
BRDA:43,5,2,0
BRDA:45,5,3,1
BRF:8
BRH:4
DA:1,1
DA:2,1
DA:3,1
DA:4,1
DA:5,1
DA:7,21
DA:8,21
DA:9,21
DA:10,0
DA:11,0
DA:12,0
DA:13,0
DA:14,0
DA:15,21
DA:17,1
DA:18,21
DA:19,21
DA:20,61
DA:21,61
DA:22,21
DA:23,21
DA:24,21
DA:25,0
DA:26,0
DA:27,0
DA:28,0
DA:29,0
DA:30,0
DA:31,0
DA:32,0
DA:33,0
DA:34,0
DA:35,0
DA:36,0
DA:37,21
DA:38,21
DA:40,1
DA:41,21
DA:42,22
DA:43,0
DA:44,0
DA:45,0
DA:46,88
DA:47,21
LH:24
LF:44
end_of_record
SF:/home/neo/git/service_layer/platform/edge/functions/_shared/env.ts
FN:1,getEnv
FN:7,mustGetEnv
FN:13,isProductionEnv
FNDA:0,getEnv
FNDA:0,mustGetEnv
FNDA:0,isProductionEnv
FNF:3
FNH:0
BRF:0
BRH:0
DA:1,0
DA:2,0
DA:3,0
DA:4,0
DA:5,0
DA:7,0
DA:8,0
DA:9,0
DA:10,0
DA:11,0
DA:13,0
DA:14,0
DA:15,0
DA:16,0
DA:17,0
DA:18,0
DA:19,0
DA:20,0
DA:21,0
DA:22,0
DA:23,0
DA:24,0
LH:0
LF:22
end_of_record
SF:/home/neo/git/service_layer/platform/edge/functions/_shared/response.ts
FN:3,json
FN:9,error
FNDA:19,json
FNDA:6,error
FNF:2
FNH:2
BRF:0
BRH:0
DA:1,1
DA:3,1
DA:4,20
DA:5,20
DA:6,80
DA:7,20
DA:9,1
DA:10,56
DA:11,7
LH:9
LF:9
end_of_record
SF:/home/neo/git/service_layer/platform/edge/functions/_shared/supabase.ts
FN:5,parseBearerToken
FN:12,parseUserAPIKey
FN:17,supabaseClient
FN:23,supabaseServiceClient
FN:41,requireUser
FN:57,requireAuth
FN:81,requirePrimaryWallet
FN:99,ensureUserRow
FNDA:0,parseBearerToken
FNDA:0,parseUserAPIKey
FNDA:0,supabaseClient
FNDA:0,supabaseServiceClient
FNDA:0,requireUser
FNDA:0,requireAuth
FNDA:0,requirePrimaryWallet
FNDA:0,ensureUserRow
FNF:8
FNH:0
BRF:0
BRH:0
DA:1,1
DA:2,1
DA:3,1
DA:5,0
DA:6,0
DA:7,0
DA:8,0
DA:9,0
DA:10,0
DA:12,0
DA:13,0
DA:14,0
DA:15,0
DA:17,0
DA:18,0
DA:19,0
DA:20,0
DA:21,0
DA:23,0
DA:24,0
DA:25,0
DA:26,0
DA:27,0
DA:28,0
DA:29,0
DA:30,0
DA:41,0
DA:42,0
DA:43,0
DA:45,0
DA:46,0
DA:47,0
DA:49,0
DA:50,0
DA:51,0
DA:52,0
DA:53,0
DA:54,0
DA:55,0
DA:57,0
DA:58,0
DA:59,0
DA:61,0
DA:62,0
DA:64,0
DA:65,0
DA:66,0
DA:68,0
DA:69,0
DA:70,0
DA:72,0
DA:73,0
DA:75,0
DA:76,0
DA:78,0
DA:79,0
DA:81,0
DA:82,0
DA:83,0
DA:84,0
DA:85,0
DA:86,0
DA:87,0
DA:88,0
DA:89,0
DA:91,0
DA:92,0
DA:94,0
DA:95,0
DA:96,0
DA:97,0
DA:99,0
DA:100,0
DA:101,0
DA:102,0
DA:104,0
DA:105,0
DA:107,0
DA:108,0
DA:109,0
DA:110,0
DA:111,0
DA:112,0
DA:114,0
DA:115,0
DA:117,0
DA:118,0
DA:119,0
LH:3
LF:88
end_of_record
SF:/home/neo/git/service_layer/platform/edge/functions/market-trending/index.ts
FN:34,parseQueryParams
FN:59,periodToDays
FN:75,handler
FNDA:18,parseQueryParams
FNDA:18,periodToDays
FNDA:20,handler
FNF:3
FNH:3
BRDA:40,1,0,4
BRDA:42,1,1,3
BRDA:42,1,2,2
BRDA:42,1,3,1
BRDA:49,1,4,3
BRDA:49,1,5,2
BRDA:61,2,0,1
BRDA:63,2,1,16
BRDA:65,2,2,1
BRDA:78,3,0,1
BRDA:78,3,1,19
BRDA:81,3,2,1
BRDA:83,3,3,18
BRDA:90,3,4,0
BRDA:98,3,5,17
BRDA:100,3,6,1
BRDA:102,3,7,16
BRDA:105,3,8,1
BRDA:114,3,9,15
BRDA:128,3,10,1
BRDA:130,3,11,14
BRDA:137,3,12,19
BRDA:139,3,13,2
BRDA:141,3,14,17
BRDA:151,3,15,16
BRDA:154,3,16,14
BRDA:159,3,17,17
BRDA:161,3,18,0
BRDA:162,3,19,2
BRDA:167,3,20,15
BRDA:169,3,21,2
BRDA:179,3,22,14
BRDA:187,3,23,0
BRDA:196,3,24,14
BRDA:204,3,25,1
BRDA:206,3,26,13
BRDA:214,3,27,1
BRDA:216,3,28,12
BRDA:221,3,29,14
BRDA:224,3,30,0
BRDA:225,3,31,11
BRDA:228,3,32,12
BRDA:232,3,33,14
BRDA:233,3,34,0
BRDA:235,3,35,12
BRDA:241,3,36,14
BRDA:242,3,37,0
BRDA:243,3,38,0
BRDA:254,3,39,12
BRDA:264,3,40,1
BRDA:265,3,41,0
BRF:51
BRH:43
DA:1,1
DA:2,1
DA:3,1
DA:34,1
DA:35,19
DA:36,19
DA:39,19
DA:40,19
DA:41,23
DA:42,23
DA:43,24
DA:44,24
DA:45,23
DA:48,19
DA:49,104
DA:50,21
DA:51,21
DA:53,76
DA:54,19
DA:59,1
DA:60,19
DA:61,19
DA:62,20
DA:63,19
DA:64,35
DA:65,19
DA:66,20
DA:67,19
DA:68,19
DA:75,1
DA:77,21
DA:78,21
DA:81,21
DA:82,22
DA:83,22
DA:86,39
DA:87,39
DA:88,39
DA:90,0
DA:92,21
DA:94,21
DA:95,21
DA:96,21
DA:97,21
DA:98,63
DA:100,21
DA:101,22
DA:102,22
DA:105,21
DA:106,22
DA:107,22
DA:108,22
DA:109,22
DA:110,22
DA:111,22
DA:112,22
DA:114,22
DA:117,36
DA:118,36
DA:119,36
DA:120,36
DA:122,36
DA:123,36
DA:124,36
DA:125,36
DA:126,36
DA:128,21
DA:129,22
DA:130,22
DA:133,35
DA:134,35
DA:136,35
DA:137,35
DA:138,54
DA:139,54
DA:141,54
DA:142,71
DA:143,71
DA:144,71
DA:146,54
DA:147,54
DA:148,54
DA:151,35
DA:152,51
DA:153,51
DA:154,35
DA:157,35
DA:159,21
DA:160,38
DA:161,0
DA:162,38
DA:166,38
DA:167,38
DA:168,53
DA:169,38
DA:171,40
DA:172,40
DA:174,38
DA:175,38
DA:176,38
DA:177,38
DA:178,38
DA:179,38
DA:182,35
DA:185,35
DA:187,0
DA:188,0
DA:189,0
DA:190,0
DA:191,0
DA:192,0
DA:193,0
DA:194,0
DA:196,0
DA:199,35
DA:200,35
DA:201,35
DA:202,35
DA:204,21
DA:205,22
DA:206,22
DA:209,34
DA:210,34
DA:211,34
DA:212,34
DA:214,21
DA:215,22
DA:216,22
DA:219,33
DA:220,33
DA:221,33
DA:222,47
DA:223,47
DA:224,0
DA:225,47
DA:226,47
DA:227,47
DA:228,33
DA:230,33
DA:231,33
DA:232,33
DA:233,0
DA:234,47
DA:235,33
DA:238,33
DA:239,33
DA:241,21
DA:242,0
DA:243,0
DA:245,35
DA:246,35
DA:247,35
DA:248,35
DA:249,35
DA:250,35
DA:251,35
DA:252,35
DA:253,35
DA:254,35
DA:256,33
DA:257,33
DA:258,33
DA:259,33
DA:260,33
DA:261,33
DA:262,33
DA:264,21
DA:265,0
DA:266,22
DA:267,22
DA:268,21
DA:270,0
LH:155
LF:172
end_of_record
