<?xml version="1.0" encoding="UTF-8"?>
<coverage generated="1766756468663" clover="3.2.0">
  <project timestamp="1766756468663" name="All files">
    <metrics statements="92" coveredstatements="89" conditionals="31" coveredconditionals="26" methods="11" coveredmethods="11" elements="134" coveredelements="126" complexity="0" loc="92" ncloc="92" packages="1" files="1" classes="1"/>
    <file name="useRealtimeNotifications.ts" path="/home/neo/git/service_layer/platform/host-app/hooks/useRealtimeNotifications.ts">
      <metrics statements="92" coveredstatements="89" conditionals="31" coveredconditionals="26" methods="11" coveredmethods="11"/>
      <line num="13" count="1" type="stmt"/>
      <line num="14" count="1" type="stmt"/>
      <line num="15" count="1" type="stmt"/>
      <line num="38" count="1" type="stmt"/>
      <line num="39" count="1" type="stmt"/>
      <line num="40" count="1" type="stmt"/>
      <line num="45" count="1" type="stmt"/>
      <line num="48" count="47" type="cond" truecount="1" falsecount="0"/>
      <line num="50" count="47" type="stmt"/>
      <line num="51" count="47" type="stmt"/>
      <line num="52" count="47" type="stmt"/>
      <line num="54" count="47" type="stmt"/>
      <line num="55" count="47" type="stmt"/>
      <line num="56" count="47" type="stmt"/>
      <line num="57" count="47" type="stmt"/>
      <line num="62" count="47" type="stmt"/>
      <line num="63" count="19" type="stmt"/>
      <line num="64" count="19" type="stmt"/>
      <line num="70" count="47" type="stmt"/>
      <line num="72" count="67" type="stmt"/>
      <line num="73" count="67" type="stmt"/>
      <line num="76" count="67" type="cond" truecount="3" falsecount="0"/>
      <line num="77" count="1" type="stmt"/>
      <line num="80" count="66" type="stmt"/>
      <line num="81" count="66" type="stmt"/>
      <line num="83" count="66" type="stmt"/>
      <line num="87" count="66" type="cond" truecount="1" falsecount="0"/>
      <line num="88" count="3" type="stmt"/>
      <line num="92" count="65" type="stmt"/>
      <line num="94" count="1" type="stmt"/>
      <line num="95" count="1" type="cond" truecount="1" falsecount="1"/>
      <line num="104" count="47" type="stmt"/>
      <line num="106" count="40" type="cond" truecount="1" falsecount="0"/>
      <line num="107" count="20" type="stmt"/>
      <line num="108" count="20" type="stmt"/>
      <line num="112" count="40" type="cond" truecount="1" falsecount="0"/>
      <line num="113" count="18" type="stmt"/>
      <line num="114" count="18" type="stmt"/>
      <line num="117" count="40" type="cond" truecount="1" falsecount="0"/>
      <line num="118" count="1" type="stmt"/>
      <line num="119" count="1" type="stmt"/>
      <line num="122" count="39" type="stmt"/>
      <line num="123" count="39" type="stmt"/>
      <line num="135" count="22" type="cond" truecount="0" falsecount="1"/>
      <line num="137" count="22" type="cond" truecount="2" falsecount="0"/>
      <line num="138" count="2" type="stmt"/>
      <line num="139" count="2" type="stmt"/>
      <line num="140" count="2" type="stmt"/>
      <line num="141" count="2" type="stmt"/>
      <line num="142" count="20" type="cond" truecount="2" falsecount="0"/>
      <line num="143" count="18" type="stmt"/>
      <line num="144" count="18" type="cond" truecount="1" falsecount="1"/>
      <line num="145" count="18" type="stmt"/>
      <line num="146" count="18" type="stmt"/>
      <line num="149" count="18" type="stmt"/>
      <line num="150" count="18" type="stmt"/>
      <line num="151" count="18" type="stmt"/>
      <line num="153" count="18" type="stmt"/>
      <line num="154" count="17" type="cond" truecount="3" falsecount="0"/>
      <line num="155" count="17" type="stmt"/>
      <line num="158" count="2" type="cond" truecount="2" falsecount="0"/>
      <line num="159" count="1" type="stmt"/>
      <line num="160" count="1" type="stmt"/>
      <line num="161" count="1" type="stmt"/>
      <line num="164" count="1" type="stmt"/>
      <line num="165" count="1" type="stmt"/>
      <line num="166" count="1" type="stmt"/>
      <line num="167" count="1" type="cond" truecount="3" falsecount="0"/>
      <line num="168" count="1" type="stmt"/>
      <line num="171" count="1" type="cond" truecount="1" falsecount="0"/>
      <line num="172" count="1" type="stmt"/>
      <line num="173" count="1" type="stmt"/>
      <line num="177" count="39" type="stmt"/>
      <line num="179" count="0" type="stmt"/>
      <line num="180" count="0" type="cond" truecount="0" falsecount="2"/>
      <line num="181" count="0" type="stmt"/>
      <line num="188" count="47" type="stmt"/>
      <line num="189" count="2" type="stmt"/>
      <line num="190" count="2" type="stmt"/>
      <line num="196" count="47" type="stmt"/>
      <line num="197" count="20" type="stmt"/>
      <line num="198" count="20" type="stmt"/>
      <line num="200" count="20" type="stmt"/>
      <line num="201" count="20" type="stmt"/>
      <line num="204" count="20" type="cond" truecount="1" falsecount="0"/>
      <line num="205" count="1" type="stmt"/>
      <line num="206" count="1" type="stmt"/>
      <line num="210" count="20" type="cond" truecount="1" falsecount="0"/>
      <line num="211" count="19" type="stmt"/>
      <line num="212" count="19" type="stmt"/>
      <line num="215" count="20" type="stmt"/>
      <line num="219" count="47" type="stmt"/>
    </file>
  </project>
</coverage>
