{"/home/neo/git/service_layer/platform/host-app/hooks/useRealtimeNotifications.ts": {"path":"/home/neo/git/service_layer/platform/host-app/hooks/useRealtimeNotifications.ts","statementMap":{"0":{"start":{"line":45,"column":0},"end":{"line":45,"column":16}},"1":{"start":{"line":13,"column":0},"end":{"line":13,"column":65}},"2":{"start":{"line":14,"column":0},"end":{"line":14,"column":83}},"3":{"start":{"line":15,"column":0},"end":{"line":15,"column":43}},"4":{"start":{"line":38,"column":26},"end":{"line":38,"column":28}},"5":{"start":{"line":39,"column":31},"end":{"line":39,"column":35}},"6":{"start":{"line":40,"column":27},"end":{"line":40,"column":32}},"7":{"start":{"line":48,"column":52},"end":{"line":48,"column":59}},"8":{"start":{"line":50,"column":44},"end":{"line":50,"column":79}},"9":{"start":{"line":51,"column":40},"end":{"line":51,"column":55}},"10":{"start":{"line":52,"column":28},"end":{"line":52,"column":56}},"11":{"start":{"line":54,"column":21},"end":{"line":54,"column":57}},"12":{"start":{"line":55,"column":24},"end":{"line":55,"column":33}},"13":{"start":{"line":56,"column":26},"end":{"line":56,"column":61}},"14":{"start":{"line":57,"column":21},"end":{"line":57,"column":33}},"15":{"start":{"line":62,"column":24},"end":{"line":65,"column":8}},"16":{"start":{"line":63,"column":18},"end":{"line":63,"column":107}},"17":{"start":{"line":64,"column":4},"end":{"line":64,"column":17}},"18":{"start":{"line":70,"column":23},"end":{"line":98,"column":null}},"19":{"start":{"line":72,"column":6},"end":{"line":96,"column":7}},"20":{"start":{"line":73,"column":32},"end":{"line":73,"column":66}},"21":{"start":{"line":76,"column":8},"end":{"line":78,"column":9}},"22":{"start":{"line":77,"column":10},"end":{"line":77,"column":17}},"23":{"start":{"line":80,"column":8},"end":{"line":84,"column":11}},"24":{"start":{"line":81,"column":26},"end":{"line":81,"column":52}},"25":{"start":{"line":83,"column":10},"end":{"line":83,"column":53}},"26":{"start":{"line":87,"column":8},"end":{"line":89,"column":9}},"27":{"start":{"line":88,"column":10},"end":{"line":88,"column":42}},"28":{"start":{"line":92,"column":8},"end":{"line":92,"column":34}},"29":{"start":{"line":94,"column":8},"end":{"line":94,"column":61}},"30":{"start":{"line":95,"column":8},"end":{"line":95,"column":98}},"31":{"start":{"line":104,"column":20},"end":{"line":183,"column":44}},"32":{"start":{"line":106,"column":4},"end":{"line":109,"column":5}},"33":{"start":{"line":107,"column":6},"end":{"line":107,"column":49}},"34":{"start":{"line":108,"column":6},"end":{"line":108,"column":32}},"35":{"start":{"line":112,"column":4},"end":{"line":115,"column":5}},"36":{"start":{"line":113,"column":6},"end":{"line":113,"column":44}},"37":{"start":{"line":114,"column":6},"end":{"line":114,"column":37}},"38":{"start":{"line":117,"column":4},"end":{"line":120,"column":5}},"39":{"start":{"line":118,"column":6},"end":{"line":118,"column":28}},"40":{"start":{"line":119,"column":6},"end":{"line":119,"column":13}},"41":{"start":{"line":122,"column":4},"end":{"line":182,"column":5}},"42":{"start":{"line":123,"column":22},"end":{"line":175,"column":10}},"43":{"start":{"line":135,"column":10},"end":{"line":135,"column":42}},"44":{"start":{"line":135,"column":35},"end":{"line":135,"column":42}},"45":{"start":{"line":137,"column":10},"end":{"line":174,"column":11}},"46":{"start":{"line":138,"column":12},"end":{"line":138,"column":33}},"47":{"start":{"line":139,"column":12},"end":{"line":139,"column":27}},"48":{"start":{"line":140,"column":12},"end":{"line":140,"column":38}},"49":{"start":{"line":141,"column":12},"end":{"line":141,"column":61}},"50":{"start":{"line":142,"column":17},"end":{"line":174,"column":11}},"51":{"start":{"line":143,"column":12},"end":{"line":143,"column":34}},"52":{"start":{"line":144,"column":29},"end":{"line":144,"column":75}},"53":{"start":{"line":145,"column":12},"end":{"line":145,"column":31}},"54":{"start":{"line":146,"column":12},"end":{"line":146,"column":77}},"55":{"start":{"line":149,"column":26},"end":{"line":149,"column":41}},"56":{"start":{"line":150,"column":12},"end":{"line":150,"column":39}},"57":{"start":{"line":151,"column":12},"end":{"line":151,"column":92}},"58":{"start":{"line":153,"column":12},"end":{"line":157,"column":22}},"59":{"start":{"line":154,"column":14},"end":{"line":156,"column":15}},"60":{"start":{"line":155,"column":16},"end":{"line":155,"column":28}},"61":{"start":{"line":158,"column":17},"end":{"line":174,"column":11}},"62":{"start":{"line":159,"column":12},"end":{"line":159,"column":34}},"63":{"start":{"line":160,"column":12},"end":{"line":160,"column":58}},"64":{"start":{"line":161,"column":12},"end":{"line":161,"column":75}},"65":{"start":{"line":164,"column":12},"end":{"line":164,"column":39}},"66":{"start":{"line":165,"column":26},"end":{"line":165,"column":41}},"67":{"start":{"line":166,"column":12},"end":{"line":170,"column":22}},"68":{"start":{"line":167,"column":14},"end":{"line":169,"column":15}},"69":{"start":{"line":168,"column":16},"end":{"line":168,"column":28}},"70":{"start":{"line":171,"column":17},"end":{"line":174,"column":11}},"71":{"start":{"line":172,"column":12},"end":{"line":172,"column":34}},"72":{"start":{"line":173,"column":12},"end":{"line":173,"column":66}},"73":{"start":{"line":177,"column":6},"end":{"line":177,"column":35}},"74":{"start":{"line":179,"column":6},"end":{"line":179,"column":63}},"75":{"start":{"line":180,"column":6},"end":{"line":180,"column":92}},"76":{"start":{"line":181,"column":6},"end":{"line":181,"column":28}},"77":{"start":{"line":188,"column":20},"end":{"line":191,"column":17}},"78":{"start":{"line":189,"column":4},"end":{"line":189,"column":30}},"79":{"start":{"line":190,"column":4},"end":{"line":190,"column":16}},"80":{"start":{"line":196,"column":2},"end":{"line":217,"column":18}},"81":{"start":{"line":197,"column":4},"end":{"line":197,"column":30}},"82":{"start":{"line":198,"column":4},"end":{"line":198,"column":16}},"83":{"start":{"line":200,"column":4},"end":{"line":216,"column":6}},"84":{"start":{"line":201,"column":6},"end":{"line":201,"column":33}},"85":{"start":{"line":204,"column":6},"end":{"line":207,"column":7}},"86":{"start":{"line":205,"column":8},"end":{"line":205,"column":46}},"87":{"start":{"line":206,"column":8},"end":{"line":206,"column":39}},"88":{"start":{"line":210,"column":6},"end":{"line":213,"column":7}},"89":{"start":{"line":211,"column":8},"end":{"line":211,"column":51}},"90":{"start":{"line":212,"column":8},"end":{"line":212,"column":34}},"91":{"start":{"line":215,"column":6},"end":{"line":215,"column":28}},"92":{"start":{"line":219,"column":2},"end":{"line":224,"column":4}}},"fnMap":{"0":{"name":"useRealtimeNotifications","decl":{"start":{"line":45,"column":16},"end":{"line":45,"column":40}},"loc":{"start":{"line":46,"column":47},"end":{"line":225,"column":1}}},"1":{"name":"(anonymous_1)","decl":{"start":{"line":62,"column":36},"end":{"line":62,"column":47}},"loc":{"start":{"line":62,"column":49},"end":{"line":65,"column":3}}},"2":{"name":"(anonymous_2)","decl":{"start":{"line":71,"column":4},"end":{"line":71,"column":5}},"loc":{"start":{"line":71,"column":21},"end":{"line":97,"column":5}}},"3":{"name":"(anonymous_3)","decl":{"start":{"line":80,"column":25},"end":{"line":80,"column":26}},"loc":{"start":{"line":80,"column":34},"end":{"line":84,"column":9}}},"4":{"name":"(anonymous_4)","decl":{"start":{"line":104,"column":32},"end":{"line":104,"column":35}},"loc":{"start":{"line":104,"column":37},"end":{"line":183,"column":3}}},"5":{"name":"(anonymous_5)","decl":{"start":{"line":134,"column":19},"end":{"line":134,"column":20}},"loc":{"start":{"line":134,"column":35},"end":{"line":175,"column":9}}},"6":{"name":"(anonymous_6)","decl":{"start":{"line":153,"column":49},"end":{"line":153,"column":52}},"loc":{"start":{"line":153,"column":54},"end":{"line":157,"column":13}}},"7":{"name":"(anonymous_7)","decl":{"start":{"line":166,"column":49},"end":{"line":166,"column":52}},"loc":{"start":{"line":166,"column":54},"end":{"line":170,"column":13}}},"8":{"name":"(anonymous_8)","decl":{"start":{"line":188,"column":32},"end":{"line":188,"column":35}},"loc":{"start":{"line":188,"column":37},"end":{"line":191,"column":3}}},"9":{"name":"(anonymous_9)","decl":{"start":{"line":196,"column":12},"end":{"line":196,"column":15}},"loc":{"start":{"line":196,"column":17},"end":{"line":217,"column":3}}},"10":{"name":"(anonymous_10)","decl":{"start":{"line":200,"column":11},"end":{"line":200,"column":14}},"loc":{"start":{"line":200,"column":16},"end":{"line":216,"column":5}}}},"branchMap":{"0":{"loc":{"start":{"line":46,"column":2},"end":{"line":46,"column":47}},"type":"default-arg","locations":[{"start":{"line":46,"column":45},"end":{"line":46,"column":47}}]},"1":{"loc":{"start":{"line":48,"column":33},"end":{"line":48,"column":47}},"type":"default-arg","locations":[{"start":{"line":48,"column":43},"end":{"line":48,"column":47}}]},"2":{"loc":{"start":{"line":76,"column":8},"end":{"line":78,"column":9}},"type":"if","locations":[{"start":{"line":76,"column":8},"end":{"line":78,"column":9}}]},"3":{"loc":{"start":{"line":76,"column":12},"end":{"line":76,"column":53}},"type":"binary-expr","locations":[{"start":{"line":76,"column":12},"end":{"line":76,"column":17}},{"start":{"line":76,"column":21},"end":{"line":76,"column":53}}]},"4":{"loc":{"start":{"line":87,"column":8},"end":{"line":89,"column":9}},"type":"if","locations":[{"start":{"line":87,"column":8},"end":{"line":89,"column":9}}]},"5":{"loc":{"start":{"line":95,"column":17},"end":{"line":95,"column":96}},"type":"cond-expr","locations":[{"start":{"line":95,"column":40},"end":{"line":95,"column":43}},{"start":{"line":95,"column":46},"end":{"line":95,"column":96}}]},"6":{"loc":{"start":{"line":106,"column":4},"end":{"line":109,"column":5}},"type":"if","locations":[{"start":{"line":106,"column":4},"end":{"line":109,"column":5}}]},"7":{"loc":{"start":{"line":112,"column":4},"end":{"line":115,"column":5}},"type":"if","locations":[{"start":{"line":112,"column":4},"end":{"line":115,"column":5}}]},"8":{"loc":{"start":{"line":117,"column":4},"end":{"line":120,"column":5}},"type":"if","locations":[{"start":{"line":117,"column":4},"end":{"line":120,"column":5}}]},"9":{"loc":{"start":{"line":135,"column":10},"end":{"line":135,"column":42}},"type":"if","locations":[{"start":{"line":135,"column":10},"end":{"line":135,"column":42}}]},"10":{"loc":{"start":{"line":137,"column":10},"end":{"line":174,"column":11}},"type":"if","locations":[{"start":{"line":137,"column":10},"end":{"line":174,"column":11}},{"start":{"line":142,"column":17},"end":{"line":174,"column":11}}]},"11":{"loc":{"start":{"line":142,"column":17},"end":{"line":174,"column":11}},"type":"if","locations":[{"start":{"line":142,"column":17},"end":{"line":174,"column":11}},{"start":{"line":158,"column":17},"end":{"line":174,"column":11}}]},"12":{"loc":{"start":{"line":144,"column":29},"end":{"line":144,"column":75}},"type":"binary-expr","locations":[{"start":{"line":144,"column":29},"end":{"line":144,"column":32}},{"start":{"line":144,"column":36},"end":{"line":144,"column":75}}]},"13":{"loc":{"start":{"line":154,"column":14},"end":{"line":156,"column":15}},"type":"if","locations":[{"start":{"line":154,"column":14},"end":{"line":156,"column":15}}]},"14":{"loc":{"start":{"line":154,"column":18},"end":{"line":154,"column":47}},"type":"binary-expr","locations":[{"start":{"line":154,"column":18},"end":{"line":154,"column":36}},{"start":{"line":154,"column":40},"end":{"line":154,"column":47}}]},"15":{"loc":{"start":{"line":158,"column":17},"end":{"line":174,"column":11}},"type":"if","locations":[{"start":{"line":158,"column":17},"end":{"line":174,"column":11}},{"start":{"line":171,"column":17},"end":{"line":174,"column":11}}]},"16":{"loc":{"start":{"line":167,"column":14},"end":{"line":169,"column":15}},"type":"if","locations":[{"start":{"line":167,"column":14},"end":{"line":169,"column":15}}]},"17":{"loc":{"start":{"line":167,"column":18},"end":{"line":167,"column":47}},"type":"binary-expr","locations":[{"start":{"line":167,"column":18},"end":{"line":167,"column":36}},{"start":{"line":167,"column":40},"end":{"line":167,"column":47}}]},"18":{"loc":{"start":{"line":171,"column":17},"end":{"line":174,"column":11}},"type":"if","locations":[{"start":{"line":171,"column":17},"end":{"line":174,"column":11}}]},"19":{"loc":{"start":{"line":180,"column":15},"end":{"line":180,"column":90}},"type":"cond-expr","locations":[{"start":{"line":180,"column":38},"end":{"line":180,"column":41}},{"start":{"line":180,"column":44},"end":{"line":180,"column":90}}]},"20":{"loc":{"start":{"line":204,"column":6},"end":{"line":207,"column":7}},"type":"if","locations":[{"start":{"line":204,"column":6},"end":{"line":207,"column":7}}]},"21":{"loc":{"start":{"line":210,"column":6},"end":{"line":213,"column":7}},"type":"if","locations":[{"start":{"line":210,"column":6},"end":{"line":213,"column":7}}]}},"s":{"0":1,"1":1,"2":1,"3":1,"4":1,"5":1,"6":1,"7":47,"8":47,"9":47,"10":47,"11":47,"12":47,"13":47,"14":47,"15":47,"16":19,"17":19,"18":47,"19":67,"20":67,"21":67,"22":1,"23":66,"24":66,"25":66,"26":66,"27":3,"28":65,"29":1,"30":1,"31":47,"32":40,"33":20,"34":20,"35":40,"36":18,"37":18,"38":40,"39":1,"40":1,"41":39,"42":39,"43":22,"44":0,"45":22,"46":2,"47":2,"48":2,"49":2,"50":20,"51":18,"52":18,"53":18,"54":18,"55":18,"56":18,"57":18,"58":18,"59":17,"60":17,"61":2,"62":1,"63":1,"64":1,"65":1,"66":1,"67":1,"68":1,"69":1,"70":1,"71":1,"72":1,"73":39,"74":0,"75":0,"76":0,"77":47,"78":2,"79":2,"80":47,"81":20,"82":20,"83":20,"84":20,"85":20,"86":1,"87":1,"88":20,"89":19,"90":19,"91":20,"92":47},"f":{"0":47,"1":19,"2":67,"3":66,"4":40,"5":22,"6":17,"7":1,"8":2,"9":20,"10":20},"b":{"0":[40],"1":[46],"2":[1],"3":[67,2],"4":[3],"5":[1,0],"6":[20],"7":[18],"8":[1],"9":[0],"10":[2,20],"11":[18,2],"12":[18,0],"13":[17],"14":[17,17],"15":[1,1],"16":[1],"17":[1,1],"18":[1],"19":[0,0],"20":[1],"21":[19]}}
}
