TN:
SF:hooks/useRealtimeNotifications.ts
FN:45,useRealtimeNotifications
FN:62,(anonymous_1)
FN:71,(anonymous_2)
FN:80,(anonymous_3)
FN:104,(anonymous_4)
FN:134,(anonymous_5)
FN:153,(anonymous_6)
FN:166,(anonymous_7)
FN:188,(anonymous_8)
FN:196,(anonymous_9)
FN:200,(anonymous_10)
FNF:11
FNH:11
FNDA:47,useRealtimeNotifications
FNDA:19,(anonymous_1)
FNDA:67,(anonymous_2)
FNDA:66,(anonymous_3)
FNDA:40,(anonymous_4)
FNDA:22,(anonymous_5)
FNDA:17,(anonymous_6)
FNDA:1,(anonymous_7)
FNDA:2,(anonymous_8)
FNDA:20,(anonymous_9)
FNDA:20,(anonymous_10)
DA:13,1
DA:14,1
DA:15,1
DA:38,1
DA:39,1
DA:40,1
DA:45,1
DA:48,47
DA:50,47
DA:51,47
DA:52,47
DA:54,47
DA:55,47
DA:56,47
DA:57,47
DA:62,47
DA:63,19
DA:64,19
DA:70,47
DA:72,67
DA:73,67
DA:76,67
DA:77,1
DA:80,66
DA:81,66
DA:83,66
DA:87,66
DA:88,3
DA:92,65
DA:94,1
DA:95,1
DA:104,47
DA:106,40
DA:107,20
DA:108,20
DA:112,40
DA:113,18
DA:114,18
DA:117,40
DA:118,1
DA:119,1
DA:122,39
DA:123,39
DA:135,22
DA:137,22
DA:138,2
DA:139,2
DA:140,2
DA:141,2
DA:142,20
DA:143,18
DA:144,18
DA:145,18
DA:146,18
DA:149,18
DA:150,18
DA:151,18
DA:153,18
DA:154,17
DA:155,17
DA:158,2
DA:159,1
DA:160,1
DA:161,1
DA:164,1
DA:165,1
DA:166,1
DA:167,1
DA:168,1
DA:171,1
DA:172,1
DA:173,1
DA:177,39
DA:179,0
DA:180,0
DA:181,0
DA:188,47
DA:189,2
DA:190,2
DA:196,47
DA:197,20
DA:198,20
DA:200,20
DA:201,20
DA:204,20
DA:205,1
DA:206,1
DA:210,20
DA:211,19
DA:212,19
DA:215,20
DA:219,47
LF:92
LH:89
BRDA:46,0,0,40
BRDA:48,1,0,46
BRDA:76,2,0,1
BRDA:76,3,0,67
BRDA:76,3,1,2
BRDA:87,4,0,3
BRDA:95,5,0,1
BRDA:95,5,1,0
BRDA:106,6,0,20
BRDA:112,7,0,18
BRDA:117,8,0,1
BRDA:135,9,0,0
BRDA:137,10,0,2
BRDA:137,10,1,20
BRDA:142,11,0,18
BRDA:142,11,1,2
BRDA:144,12,0,18
BRDA:144,12,1,0
BRDA:154,13,0,17
BRDA:154,14,0,17
BRDA:154,14,1,17
BRDA:158,15,0,1
BRDA:158,15,1,1
BRDA:167,16,0,1
BRDA:167,17,0,1
BRDA:167,17,1,1
BRDA:171,18,0,1
BRDA:180,19,0,0
BRDA:180,19,1,0
BRDA:204,20,0,1
BRDA:210,21,0,19
BRF:31
BRH:26
end_of_record
